<?xml version="1.0" encoding="UTF-8"?>
<!-- Generated by org.testng.reporters.JUnitReportReporter -->
<testsuite hostname="QT-INBG-LT1956" failures="0" tests="1" name="mobileworld1.SignUp" time="8.131" errors="0" timestamp="2022-09-15T14:48:44 IST" skipped="0">
  <testcase classname="mobileworld1.SignUp" name="register" time="8.131"/>
  <system-out/>
</testsuite> <!-- mobileworld1.SignUp -->
