<?xml version="1.0" encoding="UTF-8"?>
<!-- Generated by org.testng.reporters.JUnitReportReporter -->
<testsuite hostname="QT-INBG-LT1956" failures="0" tests="1" name="mobileworld1.Signin" time="4.501" errors="0" timestamp="2022-09-16T15:45:28 IST" skipped="0">
  <testcase classname="mobileworld1.Signin" name="register" time="4.501"/>
  <system-out/>
</testsuite> <!-- mobileworld1.Signin -->
