<?xml version="1.0" encoding="UTF-8"?>
<!-- Generated by org.testng.reporters.JUnitReportReporter -->
<testsuite hostname="QT-INBG-LT1956" failures="0" tests="1" name="mobileworld1.contactus" time="8.887" errors="0" timestamp="2022-09-16T14:17:28 IST" skipped="0">
  <testcase classname="mobileworld1.contactus" name="contact" time="8.887"/>
  <system-out/>
</testsuite> <!-- mobileworld1.contactus -->
