<?xml version="1.0" encoding="UTF-8"?>
<!-- Generated by org.testng.reporters.JUnitReportReporter -->
<testsuite hostname="QT-INBG-LT1956" failures="0" tests="2" name="AutomationScripts.contactus" time="16.224" errors="0" timestamp="2022-09-19T10:39:58 IST" skipped="0">
  <testcase classname="AutomationScripts.contactus" name="contactuslandingpage" time="7.586"/>
  <system-out/>
  <testcase classname="AutomationScripts.contactus" name="contactuslandingpage" time="8.638"/>
  <system-out/>
</testsuite> <!-- AutomationScripts.contactus -->
